2026-07-10 09:16:56.571 | INFO     | app.lifecycle:lifespan:11 - Loading PaddleX OCR Model...
2026-07-10 09:16:56.571 | INFO     | app.services.ocr_service:initialize:19 - Initializing PaddleX OCR Pipeline...
2026-07-10 09:17:11.150 | INFO     | app.services.ocr_service:initialize:23 - PaddleX OCR Pipeline Ready.
2026-07-10 09:17:11.150 | INFO     | app.lifecycle:lifespan:15 - OCR Ready.
2026-07-10 09:17:56.167 | INFO     | app.utils.layout:build_layout:278 - 🚀 ~ build_layout ~ ocr_result: {
  "texts": [
    "营业执照",
    "统一社会信用代码",
    "扫描二维码登录",
    "国家企业信用",
    "91410000692152338A",
    "信息公示系统",
    "了解更多登记、",
    "备案、许可、监",
    "（副本）（1-2）",
    "管信息。",
    "名",
    "注册资本",
    "称",
    "河南省信息化集团有限公司",
    "叁仟零柒拾柒万圆整",
    "型",
    "成立日期",
    "类",
    "2009年07月06日",
    "其他有限责任公司",
    "法定代表人",
    "王秀清",
    "所",
    "郑州市郑东新区明理路祭城南正商",
    "博雅广场4号楼15层",
    "经营范围",
    "许可项目：电子认证服务：电子政务电子认证服务：计算机信息系统安全专用产品销售",
    "第一类增值电信业务；第二类增值电信业务（依法须经批准的项目，经相关部门批准后",
    "方可开展经营活动，具体经营项目以相关部门批准文件或许可证件为准）",
    "一般项目：软件开发：网络与信息安全软件开发；计算机软硬件及辅助设备零售：网络设",
    "备销售：信息安全设备销售：技术服务、技术开发、技术咨询、技术交流、技术转让、技",
    "术推广：信息系统集成服务：信息系统运行维护服务；信息技术咨询服务；网络技术服务",
    "；互联网安全服务：电子产品销售：通讯设备销售；互联网设备销售：单用途商业预付卡",
    "场",
    "监",
    "代理销售；大数据服务；软件外包服务；互联网数据服务；物联网应用服务；数据处理服",
    "务；人工智能应用软件开发：业务培训（不含教育培训、职业技能培训等需取得许可的培",
    "血",
    "训）；云计算设备销售；云计算装备技术服务（除依法须经批准的项目外，凭营业执照依",
    "量",
    "法自主开展经营活动）",
    "登记",
    "超",
    "菜",
    "管",
    "2022",
    "11",
    "17",
    "年",
    "月",
    "日",
    "10",
    "109",
    "0122",
    "市场主体应当于每年1月1日",
    "至",
    "6月30日通过",
    "http://www.gsxt.gov.cn",
    "国家市场监督管理总局监制",
    "家企业信用信息公示系统网址：",
    "国家企业信用信息公示系统报送公示年度报告"
  ],
  "scores": [
    0.9983208775520325,
    0.9976754188537598,
    0.9994556307792664,
    0.9994474053382874,
    0.9985539317131042,
    0.9985339045524597,
    0.988768994808197,
    0.9373993277549744,
    0.9232963919639587,
    0.9925870299339294,
    0.9865571856498718,
    0.999519944190979,
    0.9998699426651001,
    0.9989995360374451,
    0.9977915287017822,
    0.9992073178291321,
    0.9992958307266235,
    0.9997718930244446,
    0.9992707967758179,
    0.9994367361068726,
    0.9994306564331055,
    0.9983725547790527,
    0.9998915195465088,
    0.9986345171928406,
    0.9955140352249146,
    0.9996092915534973,
    0.9882515072822571,
    0.9869257211685181,
    0.9992450475692749,
    0.9811052083969116,
    0.9813064336776733,
    0.9863131642341614,
    0.9681904911994934,
    0.9931861162185669,
    0.9622811675071716,
    0.9791552424430847,
    0.9864822030067444,
    0.9228609800338745,
    0.9891278147697449,
    0.35920628905296326,
    0.9981294870376587,
    0.9993265867233276,
    0.09141857922077179,
    0.16919252276420593,
    0.4734846353530884,
    0.9994059801101685,
    0.9940999746322632,
    0.9996313452720642,
    0.9994751811027527,
    0.9996040463447571,
    0.9982578158378601,
    0.9990959763526917,
    0.9830339550971985,
    0.9979695677757263,
    0.9973493218421936,
    0.9998132586479187,
    0.9995651245117188,
    0.9554717540740967,
    0.999014139175415,
    0.9960209131240845,
    0.9992383718490601
  ],
  "boxes": [
    [
      1221,
      450,
      2369,
      732
    ],
    [
      176,
      541,
      803,
      604
    ],
    [
      3089,
      548,
      3360,
      593
    ],
    [
      3083,
      598,
      3340,
      641
    ],
    [
      205,
      617,
      678,
      668
    ],
    [
      3074,
      646,
      3332,
      687
    ],
    [
      3079,
      694,
      3333,
      734
    ],
    [
      3080,
      742,
      3352,
      783
    ],
    [
      1621,
      737,
      2131,
      868
    ],
    [
      3079,
      787,
      3220,
      832
    ],
    [
      146,
      995,
      443,
      1082
    ],
    [
      2032,
      991,
      2381,
      1070
    ],
    [
      425,
      1008,
      497,
      1068
    ],
    [
      553,
      1009,
      1276,
      1073
    ],
    [
      2439,
      1005,
      2980,
      1068
    ],
    [
      215,
      1140,
      493,
      1216
    ],
    [
      2030,
      1133,
      2380,
      1207
    ],
    [
      150,
      1145,
      221,
      1213
    ],
    [
      2434,
      1139,
      2853,
      1212
    ],
    [
      555,
      1151,
      1033,
      1215
    ],
    [
      141,
      1281,
      487,
      1356
    ],
    [
      552,
      1291,
      737,
      1355
    ],
    [
      2313,
      1284,
      2388,
      1343
    ],
    [
      2434,
      1283,
      3340,
      1356
    ],
    [
      2440,
      1372,
      2944,
      1435
    ],
    [
      136,
      1419,
      492,
      1501
    ],
    [
      550,
      1416,
      1858,
      1453
    ],
    [
      558,
      1461,
      1893,
      1503
    ],
    [
      548,
      1512,
      1632,
      1549
    ],
    [
      549,
      1559,
      1887,
      1602
    ],
    [
      548,
      1609,
      1887,
      1650
    ],
    [
      549,
      1657,
      1884,
      1699
    ],
    [
      549,
      1704,
      1882,
      1748
    ],
    [
      2639,
      1749,
      2742,
      1866
    ],
    [
      2728,
      1743,
      2823,
      1839
    ],
    [
      550,
      1755,
      1882,
      1797
    ],
    [
      551,
      1799,
      1881,
      1846
    ],
    [
      2743,
      1806,
      2797,
      1846
    ],
    [
      552,
      1851,
      1879,
      1895
    ],
    [
      2844,
      1838,
      2969,
      1938
    ],
    [
      556,
      1906,
      874,
      1939
    ],
    [
      2288,
      1930,
      2480,
      2002
    ],
    [
      2872,
      1921,
      2990,
      2014
    ],
    [
      2487,
      1990,
      2684,
      2195
    ],
    [
      2864,
      1997,
      2972,
      2080
    ],
    [
      2712,
      2125,
      2832,
      2173
    ],
    [
      3008,
      2123,
      3065,
      2171
    ],
    [
      3222,
      2120,
      3287,
      2170
    ],
    [
      2870,
      2147,
      2948,
      2219
    ],
    [
      3077,
      2149,
      3142,
      2216
    ],
    [
      3284,
      2154,
      3343,
      2217
    ],
    [
      2644,
      2177,
      2704,
      2218
    ],
    [
      2701,
      2188,
      2779,
      2219
    ],
    [
      2770,
      2149,
      2881,
      2217
    ],
    [
      1578,
      2392,
      2079,
      2433
    ],
    [
      2080,
      2395,
      2146,
      2432
    ],
    [
      2132,
      2393,
      2391,
      2430
    ],
    [
      594,
      2397,
      1175,
      2454
    ],
    [
      2954,
      2411,
      3508,
      2473
    ],
    [
      0,
      2414,
      605,
      2480
    ],
    [
      1577,
      2438,
      2409,
      2480
    ]
  ],
  "polys": [
    [
      [
        1221,
        453
      ],
      [
        2368,
        450
      ],
      [
        2369,
        728
      ],
      [
        1221,
        732
      ]
    ],
    [
      [
        176,
        541
      ],
      [
        803,
        541
      ],
      [
        803,
        604
      ],
      [
        176,
        604
      ]
    ],
    [
      [
        3089,
        552
      ],
      [
        3359,
        548
      ],
      [
        3360,
        590
      ],
      [
        3090,
        593
      ]
    ],
    [
      [
        3083,
        600
      ],
      [
        3339,
        598
      ],
      [
        3340,
        639
      ],
      [
        3084,
        641
      ]
    ],
    [
      [
        206,
        617
      ],
      [
        678,
        621
      ],
      [
        677,
        668
      ],
      [
        205,
        664
      ]
    ],
    [
      [
        3074,
        646
      ],
      [
        3332,
        646
      ],
      [
        3332,
        687
      ],
      [
        3074,
        687
      ]
    ],
    [
      [
        3079,
        694
      ],
      [
        3333,
        694
      ],
      [
        3333,
        734
      ],
      [
        3079,
        734
      ]
    ],
    [
      [
        3080,
        742
      ],
      [
        3352,
        742
      ],
      [
        3352,
        783
      ],
      [
        3080,
        783
      ]
    ],
    [
      [
        1621,
        757
      ],
      [
        2126,
        737
      ],
      [
        2131,
        847
      ],
      [
        1626,
        868
      ]
    ],
    [
      [
        3080,
        787
      ],
      [
        3220,
        789
      ],
      [
        3219,
        832
      ],
      [
        3079,
        829
      ]
    ],
    [
      [
        146,
        995
      ],
      [
        443,
        995
      ],
      [
        443,
        1082
      ],
      [
        146,
        1082
      ]
    ],
    [
      [
        2032,
        991
      ],
      [
        2381,
        994
      ],
      [
        2381,
        1070
      ],
      [
        2032,
        1068
      ]
    ],
    [
      [
        425,
        1008
      ],
      [
        497,
        1008
      ],
      [
        497,
        1068
      ],
      [
        425,
        1068
      ]
    ],
    [
      [
        553,
        1009
      ],
      [
        1276,
        1012
      ],
      [
        1276,
        1073
      ],
      [
        553,
        1071
      ]
    ],
    [
      [
        2439,
        1005
      ],
      [
        2980,
        1005
      ],
      [
        2980,
        1068
      ],
      [
        2439,
        1068
      ]
    ],
    [
      [
        215,
        1140
      ],
      [
        493,
        1140
      ],
      [
        493,
        1216
      ],
      [
        215,
        1216
      ]
    ],
    [
      [
        2030,
        1133
      ],
      [
        2380,
        1135
      ],
      [
        2380,
        1207
      ],
      [
        2030,
        1205
      ]
    ],
    [
      [
        150,
        1145
      ],
      [
        221,
        1145
      ],
      [
        221,
        1213
      ],
      [
        150,
        1213
      ]
    ],
    [
      [
        2435,
        1139
      ],
      [
        2853,
        1145
      ],
      [
        2852,
        1212
      ],
      [
        2434,
        1207
      ]
    ],
    [
      [
        555,
        1151
      ],
      [
        1033,
        1151
      ],
      [
        1033,
        1215
      ],
      [
        555,
        1215
      ]
    ],
    [
      [
        142,
        1281
      ],
      [
        487,
        1283
      ],
      [
        487,
        1356
      ],
      [
        141,
        1354
      ]
    ],
    [
      [
        552,
        1291
      ],
      [
        737,
        1291
      ],
      [
        737,
        1355
      ],
      [
        552,
        1355
      ]
    ],
    [
      [
        2313,
        1284
      ],
      [
        2388,
        1284
      ],
      [
        2388,
        1343
      ],
      [
        2313,
        1343
      ]
    ],
    [
      [
        2434,
        1283
      ],
      [
        3340,
        1289
      ],
      [
        3339,
        1356
      ],
      [
        2434,
        1350
      ]
    ],
    [
      [
        2440,
        1372
      ],
      [
        2944,
        1374
      ],
      [
        2944,
        1435
      ],
      [
        2440,
        1433
      ]
    ],
    [
      [
        138,
        1419
      ],
      [
        492,
        1427
      ],
      [
        490,
        1501
      ],
      [
        136,
        1493
      ]
    ],
    [
      [
        550,
        1416
      ],
      [
        1858,
        1416
      ],
      [
        1858,
        1453
      ],
      [
        550,
        1453
      ]
    ],
    [
      [
        558,
        1461
      ],
      [
        1893,
        1461
      ],
      [
        1893,
        1503
      ],
      [
        558,
        1503
      ]
    ],
    [
      [
        548,
        1512
      ],
      [
        1632,
        1512
      ],
      [
        1632,
        1549
      ],
      [
        548,
        1549
      ]
    ],
    [
      [
        549,
        1559
      ],
      [
        1887,
        1562
      ],
      [
        1886,
        1602
      ],
      [
        549,
        1599
      ]
    ],
    [
      [
        548,
        1609
      ],
      [
        1887,
        1611
      ],
      [
        1887,
        1650
      ],
      [
        548,
        1648
      ]
    ],
    [
      [
        549,
        1657
      ],
      [
        1884,
        1659
      ],
      [
        1884,
        1699
      ],
      [
        549,
        1697
      ]
    ],
    [
      [
        549,
        1708
      ],
      [
        1881,
        1704
      ],
      [
        1882,
        1744
      ],
      [
        549,
        1748
      ]
    ],
    [
      [
        2653,
        1749
      ],
      [
        2742,
        1760
      ],
      [
        2729,
        1866
      ],
      [
        2639,
        1854
      ]
    ],
    [
      [
        2751,
        1743
      ],
      [
        2823,
        1765
      ],
      [
        2800,
        1839
      ],
      [
        2728,
        1817
      ]
    ],
    [
      [
        550,
        1755
      ],
      [
        1882,
        1755
      ],
      [
        1882,
        1797
      ],
      [
        550,
        1797
      ]
    ],
    [
      [
        551,
        1805
      ],
      [
        1880,
        1799
      ],
      [
        1881,
        1840
      ],
      [
        551,
        1846
      ]
    ],
    [
      [
        2743,
        1806
      ],
      [
        2797,
        1806
      ],
      [
        2797,
        1846
      ],
      [
        2743,
        1846
      ]
    ],
    [
      [
        552,
        1855
      ],
      [
        1878,
        1851
      ],
      [
        1879,
        1891
      ],
      [
        552,
        1895
      ]
    ],
    [
      [
        2844,
        1880
      ],
      [
        2945,
        1838
      ],
      [
        2969,
        1895
      ],
      [
        2868,
        1938
      ]
    ],
    [
      [
        556,
        1906
      ],
      [
        874,
        1906
      ],
      [
        874,
        1939
      ],
      [
        556,
        1939
      ]
    ],
    [
      [
        2288,
        1930
      ],
      [
        2480,
        1930
      ],
      [
        2480,
        2002
      ],
      [
        2288,
        2002
      ]
    ],
    [
      [
        2872,
        1936
      ],
      [
        2978,
        1921
      ],
      [
        2990,
        1998
      ],
      [
        2884,
        2014
      ]
    ],
    [
      [
        2582,
        1990
      ],
      [
        2684,
        2124
      ],
      [
        2589,
        2195
      ],
      [
        2487,
        2062
      ]
    ],
    [
      [
        2877,
        1997
      ],
      [
        2972,
        2018
      ],
      [
        2959,
        2080
      ],
      [
        2864,
        2059
      ]
    ],
    [
      [
        2712,
        2125
      ],
      [
        2832,
        2125
      ],
      [
        2832,
        2173
      ],
      [
        2712,
        2173
      ]
    ],
    [
      [
        3008,
        2123
      ],
      [
        3065,
        2123
      ],
      [
        3065,
        2171
      ],
      [
        3008,
        2171
      ]
    ],
    [
      [
        3222,
        2120
      ],
      [
        3287,
        2120
      ],
      [
        3287,
        2170
      ],
      [
        3222,
        2170
      ]
    ],
    [
      [
        2870,
        2147
      ],
      [
        2948,
        2147
      ],
      [
        2948,
        2219
      ],
      [
        2870,
        2219
      ]
    ],
    [
      [
        3077,
        2149
      ],
      [
        3142,
        2149
      ],
      [
        3142,
        2216
      ],
      [
        3077,
        2216
      ]
    ],
    [
      [
        3284,
        2154
      ],
      [
        3343,
        2154
      ],
      [
        3343,
        2217
      ],
      [
        3284,
        2217
      ]
    ],
    [
      [
        2651,
        2177
      ],
      [
        2704,
        2188
      ],
      [
        2698,
        2218
      ],
      [
        2644,
        2207
      ]
    ],
    [
      [
        2701,
        2193
      ],
      [
        2777,
        2188
      ],
      [
        2779,
        2214
      ],
      [
        2703,
        2219
      ]
    ],
    [
      [
        2770,
        2188
      ],
      [
        2870,
        2149
      ],
      [
        2881,
        2178
      ],
      [
        2782,
        2217
      ]
    ],
    [
      [
        1578,
        2392
      ],
      [
        2079,
        2394
      ],
      [
        2079,
        2433
      ],
      [
        1578,
        2431
      ]
    ],
    [
      [
        2080,
        2395
      ],
      [
        2146,
        2395
      ],
      [
        2146,
        2432
      ],
      [
        2080,
        2432
      ]
    ],
    [
      [
        2132,
        2393
      ],
      [
        2391,
        2393
      ],
      [
        2391,
        2430
      ],
      [
        2132,
        2430
      ]
    ],
    [
      [
        594,
        2405
      ],
      [
        1175,
        2397
      ],
      [
        1175,
        2447
      ],
      [
        594,
        2454
      ]
    ],
    [
      [
        2954,
        2411
      ],
      [
        3508,
        2416
      ],
      [
        3508,
        2473
      ],
      [
        2954,
        2469
      ]
    ],
    [
      [
        0,
        2424
      ],
      [
        604,
        2414
      ],
      [
        605,
        2472
      ],
      [
        0,
        2480
      ]
    ],
    [
      [
        1577,
        2439
      ],
      [
        2409,
        2438
      ],
      [
        2409,
        2479
      ],
      [
        1577,
        2480
      ]
    ]
  ],
  "angle": 0
}
2026-07-10 09:21:50.246 | INFO     | app.lifecycle:lifespan:11 - Loading PaddleX OCR Model...
2026-07-10 09:21:50.246 | INFO     | app.services.ocr_service:initialize:19 - Initializing PaddleX OCR Pipeline...
2026-07-10 09:21:59.381 | INFO     | app.services.ocr_service:initialize:23 - PaddleX OCR Pipeline Ready.
2026-07-10 09:21:59.382 | INFO     | app.lifecycle:lifespan:15 - OCR Ready.
2026-07-10 09:24:25.404 | INFO     | app.lifecycle:lifespan:11 - Loading PaddleX OCR Model...
2026-07-10 09:24:25.405 | INFO     | app.services.ocr_service:initialize:19 - Initializing PaddleX OCR Pipeline...
2026-07-10 09:24:32.744 | INFO     | app.services.ocr_service:initialize:23 - PaddleX OCR Pipeline Ready.
2026-07-10 09:24:32.745 | INFO     | app.lifecycle:lifespan:15 - OCR Ready.
2026-07-10 09:27:41.396 | INFO     | app.lifecycle:lifespan:11 - Loading PaddleX OCR Model...
2026-07-10 09:27:41.396 | INFO     | app.services.ocr_service:initialize:19 - Initializing PaddleX OCR Pipeline...
2026-07-10 09:27:47.099 | INFO     | app.services.ocr_service:initialize:23 - PaddleX OCR Pipeline Ready.
2026-07-10 09:27:47.100 | INFO     | app.lifecycle:lifespan:15 - OCR Ready.
2026-07-13 12:17:46.884 | INFO     | app.lifecycle:lifespan:20 - 正在初始化 PaddleX OCR 模型...
2026-07-13 12:17:46.884 | INFO     | app.services.ocr_service:initialize:19 - Initializing PaddleX OCR Pipeline...
2026-07-13 12:17:53.830 | INFO     | app.services.ocr_service:initialize:23 - PaddleX OCR Pipeline Ready.
2026-07-13 12:17:53.831 | INFO     | app.lifecycle:lifespan:22 - PaddleX OCR 模型初始化完成！
2026-07-13 12:25:39.973 | INFO     | app.lifecycle:lifespan:27 - 服务关闭，清理资源...
2026-07-13 12:25:42.121 | INFO     | app.lifecycle:lifespan:20 - 正在初始化 PaddleX OCR 模型...
2026-07-13 12:25:42.121 | INFO     | app.services.ocr_service:initialize:19 - Initializing PaddleX OCR Pipeline...
2026-07-13 12:25:49.177 | INFO     | app.services.ocr_service:initialize:23 - PaddleX OCR Pipeline Ready.
2026-07-13 12:25:49.177 | INFO     | app.lifecycle:lifespan:22 - PaddleX OCR 模型初始化完成！
2026-07-13 12:25:51.131 | INFO     | app.lifecycle:lifespan:20 - 正在初始化 PaddleX OCR 模型...
2026-07-13 12:25:51.132 | INFO     | app.services.ocr_service:initialize:19 - Initializing PaddleX OCR Pipeline...
2026-07-13 12:25:57.575 | INFO     | app.services.ocr_service:initialize:23 - PaddleX OCR Pipeline Ready.
2026-07-13 12:25:57.576 | INFO     | app.lifecycle:lifespan:22 - PaddleX OCR 模型初始化完成！
2026-07-13 12:27:29.332 | INFO     | app.lifecycle:lifespan:27 - 服务关闭，清理资源...
2026-07-13 12:27:31.340 | INFO     | app.lifecycle:lifespan:20 - 正在初始化 PaddleX OCR 模型...
2026-07-13 12:27:31.340 | INFO     | app.services.ocr_service:initialize:19 - Initializing PaddleX OCR Pipeline...
2026-07-13 12:27:38.020 | INFO     | app.services.ocr_service:initialize:23 - PaddleX OCR Pipeline Ready.
2026-07-13 12:27:38.020 | INFO     | app.lifecycle:lifespan:22 - PaddleX OCR 模型初始化完成！
2026-07-13 13:32:53.785 | INFO     | app.lifecycle:lifespan:27 - 服务关闭，清理资源...
2026-07-13 13:53:35.675 | INFO     | app.lifecycle:lifespan:11 - 正在初始化 PaddleX OCR 模型...
2026-07-13 13:53:35.675 | INFO     | app.services.ocr_service:initialize:19 - Initializing PaddleX OCR Pipeline...
2026-07-13 13:53:42.457 | INFO     | app.services.ocr_service:initialize:23 - PaddleX OCR Pipeline Ready.
2026-07-13 13:53:42.457 | INFO     | app.lifecycle:lifespan:13 - PaddleX OCR 模型初始化完成！
